<?xml version="1.0" encoding="UTF-8"?>
<testsuite xmlns:xsi="http://www.w3.org/2001/XMLSchema-instance" xsi:noNamespaceSchemaLocation="https://maven.apache.org/surefire/maven-surefire-plugin/xsd/surefire-test-report-3.0.xsd" version="3.0" name="dev.jcputney.elearning.parser.parsers.Scorm2004ParserTest" time="0.284" tests="2" errors="0" skipped="0" failures="0">
  <properties>
    <property name="java.specification.version" value="17"/>
    <property name="sun.jnu.encoding" value="UTF-8"/>
    <property name="java.class.path" value="/Users/putneyj/git/elearning-module-parser/target/test-classes:/Users/putneyj/git/elearning-module-parser/target/classes:/Users/putneyj/.m2/repository/org/apache/commons/commons-configuration2/2.11.0/commons-configuration2-2.11.0.jar:/Users/putneyj/.m2/repository/org/apache/commons/commons-lang3/3.14.0/commons-lang3-3.14.0.jar:/Users/putneyj/.m2/repository/org/apache/commons/commons-text/1.12.0/commons-text-1.12.0.jar:/Users/putneyj/.m2/repository/commons-logging/commons-logging/1.3.2/commons-logging-1.3.2.jar:/Users/putneyj/.m2/repository/org/json/json/20240303/json-20240303.jar:/Users/putneyj/.m2/repository/com/fasterxml/jackson/dataformat/jackson-dataformat-xml/2.18.1/jackson-dataformat-xml-2.18.1.jar:/Users/putneyj/.m2/repository/com/fasterxml/jackson/core/jackson-core/2.18.1/jackson-core-2.18.1.jar:/Users/putneyj/.m2/repository/com/fasterxml/jackson/core/jackson-annotations/2.18.1/jackson-annotations-2.18.1.jar:/Users/putneyj/.m2/repository/org/codehaus/woodstox/stax2-api/4.2.2/stax2-api-4.2.2.jar:/Users/putneyj/.m2/repository/com/fasterxml/woodstox/woodstox-core/7.0.0/woodstox-core-7.0.0.jar:/Users/putneyj/.m2/repository/com/fasterxml/jackson/core/jackson-databind/2.18.1/jackson-databind-2.18.1.jar:/Users/putneyj/.m2/repository/org/projectlombok/lombok/1.18.36/lombok-1.18.36.jar:/Users/putneyj/.m2/repository/jakarta/xml/bind/jakarta.xml.bind-api/4.0.2/jakarta.xml.bind-api-4.0.2.jar:/Users/putneyj/.m2/repository/jakarta/activation/jakarta.activation-api/2.1.3/jakarta.activation-api-2.1.3.jar:/Users/putneyj/.m2/repository/com/amazonaws/aws-java-sdk-s3/1.12.778/aws-java-sdk-s3-1.12.778.jar:/Users/putneyj/.m2/repository/com/amazonaws/aws-java-sdk-kms/1.12.778/aws-java-sdk-kms-1.12.778.jar:/Users/putneyj/.m2/repository/com/amazonaws/aws-java-sdk-core/1.12.778/aws-java-sdk-core-1.12.778.jar:/Users/putneyj/.m2/repository/commons-codec/commons-codec/1.15/commons-codec-1.15.jar:/Users/putneyj/.m2/repository/org/apache/httpcomponents/httpclient/4.5.13/httpclient-4.5.13.jar:/Users/putneyj/.m2/repository/com/fasterxml/jackson/dataformat/jackson-dataformat-cbor/2.17.2/jackson-dataformat-cbor-2.17.2.jar:/Users/putneyj/.m2/repository/joda-time/joda-time/2.12.7/joda-time-2.12.7.jar:/Users/putneyj/.m2/repository/com/amazonaws/jmespath-java/1.12.778/jmespath-java-1.12.778.jar:/Users/putneyj/.m2/repository/software/amazon/awssdk/s3/2.29.15/s3-2.29.15.jar:/Users/putneyj/.m2/repository/software/amazon/awssdk/aws-xml-protocol/2.29.15/aws-xml-protocol-2.29.15.jar:/Users/putneyj/.m2/repository/software/amazon/awssdk/aws-query-protocol/2.29.15/aws-query-protocol-2.29.15.jar:/Users/putneyj/.m2/repository/software/amazon/awssdk/protocol-core/2.29.15/protocol-core-2.29.15.jar:/Users/putneyj/.m2/repository/software/amazon/awssdk/arns/2.29.15/arns-2.29.15.jar:/Users/putneyj/.m2/repository/software/amazon/awssdk/profiles/2.29.15/profiles-2.29.15.jar:/Users/putneyj/.m2/repository/software/amazon/awssdk/crt-core/2.29.15/crt-core-2.29.15.jar:/Users/putneyj/.m2/repository/software/amazon/awssdk/http-auth/2.29.15/http-auth-2.29.15.jar:/Users/putneyj/.m2/repository/software/amazon/awssdk/identity-spi/2.29.15/identity-spi-2.29.15.jar:/Users/putneyj/.m2/repository/software/amazon/awssdk/http-auth-spi/2.29.15/http-auth-spi-2.29.15.jar:/Users/putneyj/.m2/repository/org/reactivestreams/reactive-streams/1.0.4/reactive-streams-1.0.4.jar:/Users/putneyj/.m2/repository/software/amazon/awssdk/http-auth-aws/2.29.15/http-auth-aws-2.29.15.jar:/Users/putneyj/.m2/repository/software/amazon/awssdk/checksums/2.29.15/checksums-2.29.15.jar:/Users/putneyj/.m2/repository/software/amazon/awssdk/checksums-spi/2.29.15/checksums-spi-2.29.15.jar:/Users/putneyj/.m2/repository/software/amazon/awssdk/retries-spi/2.29.15/retries-spi-2.29.15.jar:/Users/putneyj/.m2/repository/software/amazon/awssdk/sdk-core/2.29.15/sdk-core-2.29.15.jar:/Users/putneyj/.m2/repository/org/slf4j/slf4j-api/1.7.36/slf4j-api-1.7.36.jar:/Users/putneyj/.m2/repository/software/amazon/awssdk/http-client-spi/2.29.15/http-client-spi-2.29.15.jar:/Users/putneyj/.m2/repository/software/amazon/awssdk/regions/2.29.15/regions-2.29.15.jar:/Users/putneyj/.m2/repository/software/amazon/awssdk/annotations/2.29.15/annotations-2.29.15.jar:/Users/putneyj/.m2/repository/software/amazon/awssdk/utils/2.29.15/utils-2.29.15.jar:/Users/putneyj/.m2/repository/software/amazon/awssdk/metrics-spi/2.29.15/metrics-spi-2.29.15.jar:/Users/putneyj/.m2/repository/software/amazon/awssdk/json-utils/2.29.15/json-utils-2.29.15.jar:/Users/putneyj/.m2/repository/software/amazon/awssdk/third-party-jackson-core/2.29.15/third-party-jackson-core-2.29.15.jar:/Users/putneyj/.m2/repository/software/amazon/awssdk/endpoints-spi/2.29.15/endpoints-spi-2.29.15.jar:/Users/putneyj/.m2/repository/software/amazon/awssdk/apache-client/2.29.15/apache-client-2.29.15.jar:/Users/putneyj/.m2/repository/org/apache/httpcomponents/httpcore/4.4.16/httpcore-4.4.16.jar:/Users/putneyj/.m2/repository/software/amazon/awssdk/netty-nio-client/2.29.15/netty-nio-client-2.29.15.jar:/Users/putneyj/.m2/repository/io/netty/netty-codec-http/4.1.115.Final/netty-codec-http-4.1.115.Final.jar:/Users/putneyj/.m2/repository/io/netty/netty-codec-http2/4.1.115.Final/netty-codec-http2-4.1.115.Final.jar:/Users/putneyj/.m2/repository/io/netty/netty-codec/4.1.115.Final/netty-codec-4.1.115.Final.jar:/Users/putneyj/.m2/repository/io/netty/netty-transport/4.1.115.Final/netty-transport-4.1.115.Final.jar:/Users/putneyj/.m2/repository/io/netty/netty-common/4.1.115.Final/netty-common-4.1.115.Final.jar:/Users/putneyj/.m2/repository/io/netty/netty-buffer/4.1.115.Final/netty-buffer-4.1.115.Final.jar:/Users/putneyj/.m2/repository/io/netty/netty-handler/4.1.115.Final/netty-handler-4.1.115.Final.jar:/Users/putneyj/.m2/repository/io/netty/netty-transport-native-unix-common/4.1.115.Final/netty-transport-native-unix-common-4.1.115.Final.jar:/Users/putneyj/.m2/repository/io/netty/netty-transport-classes-epoll/4.1.115.Final/netty-transport-classes-epoll-4.1.115.Final.jar:/Users/putneyj/.m2/repository/io/netty/netty-resolver/4.1.115.Final/netty-resolver-4.1.115.Final.jar:/Users/putneyj/.m2/repository/software/amazon/awssdk/auth/2.29.15/auth-2.29.15.jar:/Users/putneyj/.m2/repository/software/amazon/awssdk/http-auth-aws-eventstream/2.29.15/http-auth-aws-eventstream-2.29.15.jar:/Users/putneyj/.m2/repository/software/amazon/eventstream/eventstream/1.0.1/eventstream-1.0.1.jar:/Users/putneyj/.m2/repository/software/amazon/awssdk/aws-core/2.29.15/aws-core-2.29.15.jar:/Users/putneyj/.m2/repository/software/amazon/awssdk/retries/2.29.15/retries-2.29.15.jar:/Users/putneyj/.m2/repository/org/junit/jupiter/junit-jupiter/5.11.3/junit-jupiter-5.11.3.jar:/Users/putneyj/.m2/repository/org/junit/jupiter/junit-jupiter-api/5.11.3/junit-jupiter-api-5.11.3.jar:/Users/putneyj/.m2/repository/org/opentest4j/opentest4j/1.3.0/opentest4j-1.3.0.jar:/Users/putneyj/.m2/repository/org/junit/platform/junit-platform-commons/1.11.3/junit-platform-commons-1.11.3.jar:/Users/putneyj/.m2/repository/org/apiguardian/apiguardian-api/1.1.2/apiguardian-api-1.1.2.jar:/Users/putneyj/.m2/repository/org/junit/jupiter/junit-jupiter-params/5.11.3/junit-jupiter-params-5.11.3.jar:/Users/putneyj/.m2/repository/org/junit/jupiter/junit-jupiter-engine/5.11.3/junit-jupiter-engine-5.11.3.jar:/Users/putneyj/.m2/repository/org/junit/platform/junit-platform-engine/1.11.3/junit-platform-engine-1.11.3.jar:/Users/putneyj/.m2/repository/org/mockito/mockito-core/5.14.2/mockito-core-5.14.2.jar:/Users/putneyj/.m2/repository/net/bytebuddy/byte-buddy/1.15.4/byte-buddy-1.15.4.jar:/Users/putneyj/.m2/repository/net/bytebuddy/byte-buddy-agent/1.15.4/byte-buddy-agent-1.15.4.jar:/Users/putneyj/.m2/repository/org/objenesis/objenesis/3.3/objenesis-3.3.jar:"/>
    <property name="java.vm.vendor" value="Amazon.com Inc."/>
    <property name="sun.arch.data.model" value="64"/>
    <property name="java.vendor.url" value="https://aws.amazon.com/corretto/"/>
    <property name="user.timezone" value="America/New_York"/>
    <property name="os.name" value="Mac OS X"/>
    <property name="java.vm.specification.version" value="17"/>
    <property name="sun.java.launcher" value="SUN_STANDARD"/>
    <property name="user.country" value="US"/>
    <property name="sun.boot.library.path" value="/Users/putneyj/Library/Java/JavaVirtualMachines/corretto-17.0.13/Contents/Home/lib"/>
    <property name="sun.java.command" value="/Users/putneyj/git/elearning-module-parser/target/surefire/surefirebooter-20241120132525793_3.jar /Users/putneyj/git/elearning-module-parser/target/surefire 2024-11-20T13-25-25_739-jvmRun1 surefire-20241120132525793_1tmp surefire_0-20241120132525793_2tmp"/>
    <property name="http.nonProxyHosts" value="local|*.local|169.254/16|*.169.254/16"/>
    <property name="jdk.debug" value="release"/>
    <property name="surefire.test.class.path" value="/Users/putneyj/git/elearning-module-parser/target/test-classes:/Users/putneyj/git/elearning-module-parser/target/classes:/Users/putneyj/.m2/repository/org/apache/commons/commons-configuration2/2.11.0/commons-configuration2-2.11.0.jar:/Users/putneyj/.m2/repository/org/apache/commons/commons-lang3/3.14.0/commons-lang3-3.14.0.jar:/Users/putneyj/.m2/repository/org/apache/commons/commons-text/1.12.0/commons-text-1.12.0.jar:/Users/putneyj/.m2/repository/commons-logging/commons-logging/1.3.2/commons-logging-1.3.2.jar:/Users/putneyj/.m2/repository/org/json/json/20240303/json-20240303.jar:/Users/putneyj/.m2/repository/com/fasterxml/jackson/dataformat/jackson-dataformat-xml/2.18.1/jackson-dataformat-xml-2.18.1.jar:/Users/putneyj/.m2/repository/com/fasterxml/jackson/core/jackson-core/2.18.1/jackson-core-2.18.1.jar:/Users/putneyj/.m2/repository/com/fasterxml/jackson/core/jackson-annotations/2.18.1/jackson-annotations-2.18.1.jar:/Users/putneyj/.m2/repository/org/codehaus/woodstox/stax2-api/4.2.2/stax2-api-4.2.2.jar:/Users/putneyj/.m2/repository/com/fasterxml/woodstox/woodstox-core/7.0.0/woodstox-core-7.0.0.jar:/Users/putneyj/.m2/repository/com/fasterxml/jackson/core/jackson-databind/2.18.1/jackson-databind-2.18.1.jar:/Users/putneyj/.m2/repository/org/projectlombok/lombok/1.18.36/lombok-1.18.36.jar:/Users/putneyj/.m2/repository/jakarta/xml/bind/jakarta.xml.bind-api/4.0.2/jakarta.xml.bind-api-4.0.2.jar:/Users/putneyj/.m2/repository/jakarta/activation/jakarta.activation-api/2.1.3/jakarta.activation-api-2.1.3.jar:/Users/putneyj/.m2/repository/com/amazonaws/aws-java-sdk-s3/1.12.778/aws-java-sdk-s3-1.12.778.jar:/Users/putneyj/.m2/repository/com/amazonaws/aws-java-sdk-kms/1.12.778/aws-java-sdk-kms-1.12.778.jar:/Users/putneyj/.m2/repository/com/amazonaws/aws-java-sdk-core/1.12.778/aws-java-sdk-core-1.12.778.jar:/Users/putneyj/.m2/repository/commons-codec/commons-codec/1.15/commons-codec-1.15.jar:/Users/putneyj/.m2/repository/org/apache/httpcomponents/httpclient/4.5.13/httpclient-4.5.13.jar:/Users/putneyj/.m2/repository/com/fasterxml/jackson/dataformat/jackson-dataformat-cbor/2.17.2/jackson-dataformat-cbor-2.17.2.jar:/Users/putneyj/.m2/repository/joda-time/joda-time/2.12.7/joda-time-2.12.7.jar:/Users/putneyj/.m2/repository/com/amazonaws/jmespath-java/1.12.778/jmespath-java-1.12.778.jar:/Users/putneyj/.m2/repository/software/amazon/awssdk/s3/2.29.15/s3-2.29.15.jar:/Users/putneyj/.m2/repository/software/amazon/awssdk/aws-xml-protocol/2.29.15/aws-xml-protocol-2.29.15.jar:/Users/putneyj/.m2/repository/software/amazon/awssdk/aws-query-protocol/2.29.15/aws-query-protocol-2.29.15.jar:/Users/putneyj/.m2/repository/software/amazon/awssdk/protocol-core/2.29.15/protocol-core-2.29.15.jar:/Users/putneyj/.m2/repository/software/amazon/awssdk/arns/2.29.15/arns-2.29.15.jar:/Users/putneyj/.m2/repository/software/amazon/awssdk/profiles/2.29.15/profiles-2.29.15.jar:/Users/putneyj/.m2/repository/software/amazon/awssdk/crt-core/2.29.15/crt-core-2.29.15.jar:/Users/putneyj/.m2/repository/software/amazon/awssdk/http-auth/2.29.15/http-auth-2.29.15.jar:/Users/putneyj/.m2/repository/software/amazon/awssdk/identity-spi/2.29.15/identity-spi-2.29.15.jar:/Users/putneyj/.m2/repository/software/amazon/awssdk/http-auth-spi/2.29.15/http-auth-spi-2.29.15.jar:/Users/putneyj/.m2/repository/org/reactivestreams/reactive-streams/1.0.4/reactive-streams-1.0.4.jar:/Users/putneyj/.m2/repository/software/amazon/awssdk/http-auth-aws/2.29.15/http-auth-aws-2.29.15.jar:/Users/putneyj/.m2/repository/software/amazon/awssdk/checksums/2.29.15/checksums-2.29.15.jar:/Users/putneyj/.m2/repository/software/amazon/awssdk/checksums-spi/2.29.15/checksums-spi-2.29.15.jar:/Users/putneyj/.m2/repository/software/amazon/awssdk/retries-spi/2.29.15/retries-spi-2.29.15.jar:/Users/putneyj/.m2/repository/software/amazon/awssdk/sdk-core/2.29.15/sdk-core-2.29.15.jar:/Users/putneyj/.m2/repository/org/slf4j/slf4j-api/1.7.36/slf4j-api-1.7.36.jar:/Users/putneyj/.m2/repository/software/amazon/awssdk/http-client-spi/2.29.15/http-client-spi-2.29.15.jar:/Users/putneyj/.m2/repository/software/amazon/awssdk/regions/2.29.15/regions-2.29.15.jar:/Users/putneyj/.m2/repository/software/amazon/awssdk/annotations/2.29.15/annotations-2.29.15.jar:/Users/putneyj/.m2/repository/software/amazon/awssdk/utils/2.29.15/utils-2.29.15.jar:/Users/putneyj/.m2/repository/software/amazon/awssdk/metrics-spi/2.29.15/metrics-spi-2.29.15.jar:/Users/putneyj/.m2/repository/software/amazon/awssdk/json-utils/2.29.15/json-utils-2.29.15.jar:/Users/putneyj/.m2/repository/software/amazon/awssdk/third-party-jackson-core/2.29.15/third-party-jackson-core-2.29.15.jar:/Users/putneyj/.m2/repository/software/amazon/awssdk/endpoints-spi/2.29.15/endpoints-spi-2.29.15.jar:/Users/putneyj/.m2/repository/software/amazon/awssdk/apache-client/2.29.15/apache-client-2.29.15.jar:/Users/putneyj/.m2/repository/org/apache/httpcomponents/httpcore/4.4.16/httpcore-4.4.16.jar:/Users/putneyj/.m2/repository/software/amazon/awssdk/netty-nio-client/2.29.15/netty-nio-client-2.29.15.jar:/Users/putneyj/.m2/repository/io/netty/netty-codec-http/4.1.115.Final/netty-codec-http-4.1.115.Final.jar:/Users/putneyj/.m2/repository/io/netty/netty-codec-http2/4.1.115.Final/netty-codec-http2-4.1.115.Final.jar:/Users/putneyj/.m2/repository/io/netty/netty-codec/4.1.115.Final/netty-codec-4.1.115.Final.jar:/Users/putneyj/.m2/repository/io/netty/netty-transport/4.1.115.Final/netty-transport-4.1.115.Final.jar:/Users/putneyj/.m2/repository/io/netty/netty-common/4.1.115.Final/netty-common-4.1.115.Final.jar:/Users/putneyj/.m2/repository/io/netty/netty-buffer/4.1.115.Final/netty-buffer-4.1.115.Final.jar:/Users/putneyj/.m2/repository/io/netty/netty-handler/4.1.115.Final/netty-handler-4.1.115.Final.jar:/Users/putneyj/.m2/repository/io/netty/netty-transport-native-unix-common/4.1.115.Final/netty-transport-native-unix-common-4.1.115.Final.jar:/Users/putneyj/.m2/repository/io/netty/netty-transport-classes-epoll/4.1.115.Final/netty-transport-classes-epoll-4.1.115.Final.jar:/Users/putneyj/.m2/repository/io/netty/netty-resolver/4.1.115.Final/netty-resolver-4.1.115.Final.jar:/Users/putneyj/.m2/repository/software/amazon/awssdk/auth/2.29.15/auth-2.29.15.jar:/Users/putneyj/.m2/repository/software/amazon/awssdk/http-auth-aws-eventstream/2.29.15/http-auth-aws-eventstream-2.29.15.jar:/Users/putneyj/.m2/repository/software/amazon/eventstream/eventstream/1.0.1/eventstream-1.0.1.jar:/Users/putneyj/.m2/repository/software/amazon/awssdk/aws-core/2.29.15/aws-core-2.29.15.jar:/Users/putneyj/.m2/repository/software/amazon/awssdk/retries/2.29.15/retries-2.29.15.jar:/Users/putneyj/.m2/repository/org/junit/jupiter/junit-jupiter/5.11.3/junit-jupiter-5.11.3.jar:/Users/putneyj/.m2/repository/org/junit/jupiter/junit-jupiter-api/5.11.3/junit-jupiter-api-5.11.3.jar:/Users/putneyj/.m2/repository/org/opentest4j/opentest4j/1.3.0/opentest4j-1.3.0.jar:/Users/putneyj/.m2/repository/org/junit/platform/junit-platform-commons/1.11.3/junit-platform-commons-1.11.3.jar:/Users/putneyj/.m2/repository/org/apiguardian/apiguardian-api/1.1.2/apiguardian-api-1.1.2.jar:/Users/putneyj/.m2/repository/org/junit/jupiter/junit-jupiter-params/5.11.3/junit-jupiter-params-5.11.3.jar:/Users/putneyj/.m2/repository/org/junit/jupiter/junit-jupiter-engine/5.11.3/junit-jupiter-engine-5.11.3.jar:/Users/putneyj/.m2/repository/org/junit/platform/junit-platform-engine/1.11.3/junit-platform-engine-1.11.3.jar:/Users/putneyj/.m2/repository/org/mockito/mockito-core/5.14.2/mockito-core-5.14.2.jar:/Users/putneyj/.m2/repository/net/bytebuddy/byte-buddy/1.15.4/byte-buddy-1.15.4.jar:/Users/putneyj/.m2/repository/net/bytebuddy/byte-buddy-agent/1.15.4/byte-buddy-agent-1.15.4.jar:/Users/putneyj/.m2/repository/org/objenesis/objenesis/3.3/objenesis-3.3.jar:"/>
    <property name="sun.cpu.endian" value="little"/>
    <property name="user.home" value="/Users/putneyj"/>
    <property name="user.language" value="en"/>
    <property name="java.specification.vendor" value="Oracle Corporation"/>
    <property name="java.version.date" value="2024-10-15"/>
    <property name="java.home" value="/Users/putneyj/Library/Java/JavaVirtualMachines/corretto-17.0.13/Contents/Home"/>
    <property name="file.separator" value="/"/>
    <property name="basedir" value="/Users/putneyj/git/elearning-module-parser"/>
    <property name="java.vm.compressedOopsMode" value="Zero based"/>
    <property name="line.separator" value="&#10;"/>
    <property name="java.vm.specification.vendor" value="Oracle Corporation"/>
    <property name="java.specification.name" value="Java Platform API Specification"/>
    <property name="surefire.real.class.path" value="/Users/putneyj/git/elearning-module-parser/target/surefire/surefirebooter-20241120132525793_3.jar"/>
    <property name="sun.management.compiler" value="HotSpot 64-Bit Tiered Compilers"/>
    <property name="ftp.nonProxyHosts" value="local|*.local|169.254/16|*.169.254/16"/>
    <property name="java.runtime.version" value="17.0.13+11-LTS"/>
    <property name="user.name" value="putneyj"/>
    <property name="path.separator" value=":"/>
    <property name="os.version" value="15.2"/>
    <property name="java.runtime.name" value="OpenJDK Runtime Environment"/>
    <property name="file.encoding" value="UTF-8"/>
    <property name="java.vm.name" value="OpenJDK 64-Bit Server VM"/>
    <property name="java.vendor.version" value="Corretto-17.0.13.11.1"/>
    <property name="localRepository" value="/Users/putneyj/.m2/repository"/>
    <property name="java.vendor.url.bug" value="https://github.com/corretto/corretto-17/issues/"/>
    <property name="java.io.tmpdir" value="/var/folders/wt/qt8864qj7cd322cm8n0w1wn00000gn/T/"/>
    <property name="idea.version" value="2024.3"/>
    <property name="java.version" value="17.0.13"/>
    <property name="user.dir" value="/Users/putneyj/git/elearning-module-parser"/>
    <property name="os.arch" value="aarch64"/>
    <property name="java.vm.specification.name" value="Java Virtual Machine Specification"/>
    <property name="native.encoding" value="UTF-8"/>
    <property name="java.library.path" value="/Users/putneyj/Library/Java/Extensions:/Library/Java/Extensions:/Network/Library/Java/Extensions:/System/Library/Java/Extensions:/usr/lib/java:."/>
    <property name="java.vm.info" value="mixed mode, sharing"/>
    <property name="java.vendor" value="Amazon.com Inc."/>
    <property name="java.vm.version" value="17.0.13+11-LTS"/>
    <property name="java.specification.maintenance.version" value="1"/>
    <property name="sun.io.unicode.encoding" value="UnicodeBig"/>
    <property name="socksNonProxyHosts" value="local|*.local|169.254/16|*.169.254/16"/>
    <property name="java.class.version" value="61.0"/>
  </properties>
  <testcase name="testParseContentPackagingOneFilePerSCOSCORM20043rdEdition" classname="dev.jcputney.elearning.parser.parsers.Scorm2004ParserTest" time="0.223"/>
  <testcase name="testParseContentPackagingMetadataSCORM20043rdEdition" classname="dev.jcputney.elearning.parser.parsers.Scorm2004ParserTest" time="0.05"/>
</testsuite>